error: Only one `#[crud_table]` attribute is allowed
 --> tests/read/attribute_table_multiple/test.rs:5:3
  |
5 | #[crud_table("test_table_2")]
  |   ^^^^^^^^^^^^^^^^^^^^^^^^^^

error[E0599]: no function or associated item named `read` found for struct `Test` in the current scope
  --> tests/read/attribute_table_multiple/test.rs:17:19
   |
6  | struct Test {
   | ----------- function or associated item `read` not found for this struct
...
17 |     let _ = Test::read(&pool, 1);
   |                   ^^^^ function or associated item not found in `Test`
   |
   = help: items from traits can only be used if the trait is implemented and in scope
   = note: the following traits define an item `read`, perhaps you need to implement one of them:
           candidate #1: `derive_crud::futures_util::AsyncReadExt`
           candidate #2: `digest::XofReader`
           candidate #3: `sqlx_core::net::socket::Socket`
           candidate #4: `std::io::Read`
           candidate #5: `tokio::io::AsyncReadExt`

error[E0599]: no function or associated item named `read_one` found for struct `Test` in the current scope
  --> tests/read/attribute_table_multiple/test.rs:18:19
   |
6  | struct Test {
   | ----------- function or associated item `read_one` not found for this struct
...
18 |     let _ = Test::read_one(&pool, 1);
   |                   ^^^^^^^^ function or associated item not found in `Test`

error[E0599]: no function or associated item named `read_all` found for struct `Test` in the current scope
  --> tests/read/attribute_table_multiple/test.rs:19:19
   |
6  | struct Test {
   | ----------- function or associated item `read_all` not found for this struct
...
19 |     let _ = Test::read_all(&pool);
   |                   ^^^^^^^^ function or associated item not found in `Test`
